

*******************************************************************************
Mon Sep  8 23:26:31 2014


FIT:    data read from 'length_vs_number_of_hits.txt' u 2:1
        format = x:z
	y range restricted to [0.00000 : 1000.00]
        #datapoints = 14832
        residuals are weighted equally (unit weight)

function used for fitting: f(x)
fitted parameters initialized with current variable values



 Iteration 0
 WSSR        : 3.59673e+09       delta(WSSR)/WSSR   : 0
 delta(WSSR) : 0                 limit for stopping : 1e-05
 lambda	  : 351.796

initial set of free parameter values

a               = 1
b               = 1

After 4 iterations the fit converged.
final sum of squares of residuals : 242805
rel. change during last iteration : -1.95387e-09

degrees of freedom    (FIT_NDF)                        : 14830
rms of residuals      (FIT_STDFIT) = sqrt(WSSR/ndf)    : 4.04631
variance of residuals (reduced chisquare) = WSSR/ndf   : 16.3726

Final set of parameters            Asymptotic Standard Error
=======================            ==========================

a               = 0.0108181        +/- 0.0001511    (1.396%)
b               = 0.672773         +/- 0.07516      (11.17%)


correlation matrix of the fit parameters:

               a      b      
a               1.000 
b              -0.897  1.000 


*******************************************************************************
Tue Sep  9 16:52:56 2014


FIT:    data read from 'length_vs_number_of_hits.lt50muts.txt' u 1:2
        format = x:z
	y range restricted to [0.00000 : 5000.00]
        #datapoints = 85
        residuals are weighted equally (unit weight)

function used for fitting: f(x)
fitted parameters initialized with current variable values



 Iteration 0
 WSSR        : 1.72777e+08       delta(WSSR)/WSSR   : 0
 delta(WSSR) : 0                 limit for stopping : 1e-05
 lambda	  : 1020.2

initial set of free parameter values

a               = 1
b               = 1

After 5 iterations the fit converged.
final sum of squares of residuals : 3852.82
rel. change during last iteration : -9.93152e-06

degrees of freedom    (FIT_NDF)                        : 83
rms of residuals      (FIT_STDFIT) = sqrt(WSSR/ndf)    : 6.81319
variance of residuals (reduced chisquare) = WSSR/ndf   : 46.4196

Final set of parameters            Asymptotic Standard Error
=======================            ==========================

a               = 0.0110525        +/- 0.0008368    (7.571%)
b               = 2.43423          +/- 1.207        (49.6%)


correlation matrix of the fit parameters:

               a      b      
a               1.000 
b              -0.791  1.000 


*******************************************************************************
Tue Sep  9 16:54:26 2014


FIT:    data read from 'length_vs_number_of_hits.mt1000muts.txt' u 1:2
        format = x:z
	y range restricted to [0.00000 : 5000.00]
        #datapoints = 171
        residuals are weighted equally (unit weight)

function used for fitting: f(x)
fitted parameters initialized with current variable values



 Iteration 0
 WSSR        : 8.47411e+08       delta(WSSR)/WSSR   : 0
 delta(WSSR) : 0                 limit for stopping : 1e-05
 lambda	  : 1590.63

initial set of free parameter values

a               = 1
b               = 1

After 6 iterations the fit converged.
final sum of squares of residuals : 15431.3
rel. change during last iteration : -2.72248e-12

degrees of freedom    (FIT_NDF)                        : 169
rms of residuals      (FIT_STDFIT) = sqrt(WSSR/ndf)    : 9.55559
variance of residuals (reduced chisquare) = WSSR/ndf   : 91.3094

Final set of parameters            Asymptotic Standard Error
=======================            ==========================

a               = 0.0109555        +/- 0.0005913    (5.397%)
b               = -0.503499        +/- 1.33         (264.2%)


correlation matrix of the fit parameters:

               a      b      
a               1.000 
b              -0.836  1.000 


*******************************************************************************
Tue Sep  9 17:19:42 2014


FIT:    data read from 'length_vs_number_of_hits.mt1000muts.txt' u 1:2
        format = x:z
        #datapoints = 179
        residuals are weighted equally (unit weight)

function used for fitting: f(x)
fitted parameters initialized with current variable values



*******************************************************************************
Tue Sep  9 17:19:54 2014


FIT:    data read from 'length_vs_number_of_hits.mt1000muts.txt' u 1:2
        format = x:z
        #datapoints = 179
        residuals are weighted equally (unit weight)

function used for fitting: f(x)
fitted parameters initialized with current variable values



 Iteration 0
 WSSR        : 1.33695e+09       delta(WSSR)/WSSR   : 0
 delta(WSSR) : 0                 limit for stopping : 1e-05
 lambda	  : 1953.83

initial set of free parameter values

a               = 1
b               = 1

After 6 iterations the fit converged.
final sum of squares of residuals : 22990.1
rel. change during last iteration : -1.41005e-11

degrees of freedom    (FIT_NDF)                        : 177
rms of residuals      (FIT_STDFIT) = sqrt(WSSR/ndf)    : 11.3968
variance of residuals (reduced chisquare) = WSSR/ndf   : 129.888

Final set of parameters            Asymptotic Standard Error
=======================            ==========================

a               = 0.0117877        +/- 0.0004821    (4.09%)
b               = -2.07486         +/- 1.332        (64.21%)


correlation matrix of the fit parameters:

               a      b      
a               1.000 
b              -0.769  1.000 


*******************************************************************************
Tue Sep  9 17:22:36 2014


FIT:    data read from 'length_vs_number_of_hits.lt50muts.txt' u 1:2
        format = x:z
        #datapoints = 86
        residuals are weighted equally (unit weight)

function used for fitting: f(x)
fitted parameters initialized with current variable values



 Iteration 0
 WSSR        : 2.03646e+08       delta(WSSR)/WSSR   : 0
 delta(WSSR) : 0                 limit for stopping : 1e-05
 lambda	  : 1101.06

initial set of free parameter values

a               = 1
b               = 1

After 6 iterations the fit converged.
final sum of squares of residuals : 3852.98
rel. change during last iteration : -1.38726e-12

degrees of freedom    (FIT_NDF)                        : 84
rms of residuals      (FIT_STDFIT) = sqrt(WSSR/ndf)    : 6.77265
variance of residuals (reduced chisquare) = WSSR/ndf   : 45.8688

Final set of parameters            Asymptotic Standard Error
=======================            ==========================

a               = 0.0110757        +/- 0.0007298    (6.589%)
b               = 2.41183          +/- 1.136        (47.12%)


correlation matrix of the fit parameters:

               a      b      
a               1.000 
b              -0.766  1.000 


*******************************************************************************
Tue Sep  9 17:25:05 2014


FIT:    data read from 'length_vs_number_of_hits.lt50muts.txt' u 1:2
        format = x:z
        x range restricted to [0.00000 : 5000.00]
        #datapoints = 85
        residuals are weighted equally (unit weight)

function used for fitting: f(x)
fitted parameters initialized with current variable values



 Iteration 0
 WSSR        : 3852.86           delta(WSSR)/WSSR   : 0
 delta(WSSR) : 0                 limit for stopping : 1e-05
 lambda	  : 1020.2

initial set of free parameter values

a               = 0.0110757
b               = 2.41183

After 1 iterations the fit converged.
final sum of squares of residuals : 3852.84
rel. change during last iteration : -5.44997e-06

degrees of freedom    (FIT_NDF)                        : 83
rms of residuals      (FIT_STDFIT) = sqrt(WSSR/ndf)    : 6.8132
variance of residuals (reduced chisquare) = WSSR/ndf   : 46.4198

Final set of parameters            Asymptotic Standard Error
=======================            ==========================

a               = 0.0110648        +/- 0.0008368    (7.563%)
b               = 2.41183          +/- 1.207        (50.06%)


correlation matrix of the fit parameters:

               a      b      
a               1.000 
b              -0.791  1.000 


*******************************************************************************
Tue Sep  9 17:26:28 2014


FIT:    data read from 'length_vs_number_of_hits.lt50muts.txt' u 1:2
        format = x:z
        x range restricted to [0.00000 : 5000.00]
        #datapoints = 85
        residuals are weighted equally (unit weight)

function used for fitting: f(x)
fitted parameters initialized with current variable values



 Iteration 0
 WSSR        : 3852.84           delta(WSSR)/WSSR   : 0
 delta(WSSR) : 0                 limit for stopping : 1e-05
 lambda	  : 1020.2

initial set of free parameter values

a               = 0.0110648
b               = 2.41183

After 1 iterations the fit converged.
final sum of squares of residuals : 3852.84
rel. change during last iteration : -4.40247e-10

degrees of freedom    (FIT_NDF)                        : 83
rms of residuals      (FIT_STDFIT) = sqrt(WSSR/ndf)    : 6.8132
variance of residuals (reduced chisquare) = WSSR/ndf   : 46.4198

Final set of parameters            Asymptotic Standard Error
=======================            ==========================

a               = 0.0110648        +/- 0.0008368    (7.563%)
b               = 2.41183          +/- 1.207        (50.06%)


correlation matrix of the fit parameters:

               a      b      
a               1.000 
b              -0.791  1.000 
